Start time: 19:04:36 on Sep 12,2025
qverilog fun1.v 
-- Compiling module fun1

Top level modules:
	fun1
# vsim -lib work work.fun1 -c -do "run -all; quit -f" -appendlog -l qverilog.log -vopt 
# ** Note: (vsim-8009) Loading existing optimized design _opt
# //  Questa Sim-64
# //  Version 10.7c win64 Aug 18 2018
# //
# //  Copyright 1991-2018 Mentor Graphics Corporation
# //  All Rights Reserved.
# //
# //  QuestaSim and its associated documentation contain trade
# //  secrets and commercial or financial information that are the property of
# //  Mentor Graphics Corporation and are privileged, confidential,
# //  and exempt from disclosure under the Freedom of Information Act,
# //  5 U.S.C. Section 552. Furthermore, this information
# //  is prohibited from disclosure under the Trade Secrets Act,
# //  18 U.S.C. Section 1905.
# //
# Loading work.fun1(fast)
# run -all
# a=7 b=2 cin=1 adder=1010
# i0=1 i1=1 i2=0 i3=1 s=11 mux=1
# i0=0 i1=0 i2=1 i3=0 enco=1
# a=55 b=48 comp=100
#  quit -f
# End time: 19:04:37 on Sep 12,2025, Elapsed time: 0:00:01
# Errors: 0, Warnings: 0
