Start time: 16:41:44 on Sep 22,2025
qverilog fifo.v 
-- Compiling module fifo

Top level modules:
	fifo
# vsim -lib work work.fifo -c -do "run -all; quit -f" -appendlog -l qverilog.log -vopt 
# ** Note: (vsim-3812) Design is being optimized...
# //  Questa Sim-64
# //  Version 10.7c win64 Aug 18 2018
# //
# //  Copyright 1991-2018 Mentor Graphics Corporation
# //  All Rights Reserved.
# //
# //  QuestaSim and its associated documentation contain trade
# //  secrets and commercial or financial information that are the property of
# //  Mentor Graphics Corporation and are privileged, confidential,
# //  and exempt from disclosure under the Freedom of Information Act,
# //  5 U.S.C. Section 552. Furthermore, this information
# //  is prohibited from disclosure under the Trade Secrets Act,
# //  18 U.S.C. Section 1905.
# //
# Loading work.fifo(fast)
# run -all
#  quit -f
# End time: 16:41:46 on Sep 22,2025, Elapsed time: 0:00:02
# Errors: 0, Warnings: 0
