Start time: 19:37:15 on Sep 14,2025
qverilog test.v 
-- Compiling module test

Top level modules:
	test
# vsim -lib work work.test -c -do "run -all; quit -f" -appendlog -l qverilog.log -vopt 
# ** Note: (vsim-3812) Design is being optimized...
# //  Questa Sim-64
# //  Version 10.7c win64 Aug 18 2018
# //
# //  Copyright 1991-2018 Mentor Graphics Corporation
# //  All Rights Reserved.
# //
# //  QuestaSim and its associated documentation contain trade
# //  secrets and commercial or financial information that are the property of
# //  Mentor Graphics Corporation and are privileged, confidential,
# //  and exempt from disclosure under the Freedom of Information Act,
# //  5 U.S.C. Section 552. Furthermore, this information
# //  is prohibited from disclosure under the Trade Secrets Act,
# //  18 U.S.C. Section 1905.
# //
# Loading work.test(fast)
# run -all
# ODD_NUMBERS=1
# ODD_NUMBERS=3
# ODD_NUMBERS=5
# ODD_NUMBERS=7
# ODD_NUMBERS=9
# ODD_NUMBERS=11
# ODD_NUMBERS=13
# ODD_NUMBERS=15
# ODD_NUMBERS=17
# ODD_NUMBERS=19
#  quit -f
# End time: 19:37:17 on Sep 14,2025, Elapsed time: 0:00:02
# Errors: 0, Warnings: 0
