Start time: 19:10:10 on Sep 14,2025
qverilog test.v 
-- Compiling module test

Top level modules:
	test
# vsim -lib work work.test -c -do "run -all; quit -f" -appendlog -l qverilog.log -vopt 
# ** Note: (vsim-3812) Design is being optimized...
# //  Questa Sim-64
# //  Version 10.7c win64 Aug 18 2018
# //
# //  Copyright 1991-2018 Mentor Graphics Corporation
# //  All Rights Reserved.
# //
# //  QuestaSim and its associated documentation contain trade
# //  secrets and commercial or financial information that are the property of
# //  Mentor Graphics Corporation and are privileged, confidential,
# //  and exempt from disclosure under the Freedom of Information Act,
# //  5 U.S.C. Section 552. Furthermore, this information
# //  is prohibited from disclosure under the Trade Secrets Act,
# //  18 U.S.C. Section 1905.
# //
# Loading work.test(fast)
# run -all
# count=1
# count=2
# count=3
# count=4
# count=5
# count=6
# count=7
# count=8
# count=9
# count=10
# count=11
#  quit -f
# End time: 19:10:12 on Sep 14,2025, Elapsed time: 0:00:02
# Errors: 0, Warnings: 0
