Start time: 13:07:53 on Sep 09,2025
qverilog srl.v 
-- Compiling module srl
-- Compiling module srl_tb

Top level modules:
	srl_tb
# vsim -lib work work.srl_tb -c -do "run -all; quit -f" -appendlog -l qverilog.log -vopt 
# ** Note: (vsim-3812) Design is being optimized...
# //  Questa Sim-64
# //  Version 10.7c win64 Aug 18 2018
# //
# //  Copyright 1991-2018 Mentor Graphics Corporation
# //  All Rights Reserved.
# //
# //  QuestaSim and its associated documentation contain trade
# //  secrets and commercial or financial information that are the property of
# //  Mentor Graphics Corporation and are privileged, confidential,
# //  and exempt from disclosure under the Freedom of Information Act,
# //  5 U.S.C. Section 552. Furthermore, this information
# //  is prohibited from disclosure under the Trade Secrets Act,
# //  18 U.S.C. Section 1905.
# //
# Loading work.srl_tb(fast)
# run -all
# clk=0 rst=1 s=0 r=1 q=0 qbar=1 Time=0
# clk=1 rst=1 s=1 r=1 q=0 qbar=1 Time=5
# clk=0 rst=1 s=1 r=1 q=x qbar=x Time=10
# clk=1 rst=1 s=1 r=0 q=x qbar=x Time=15
# clk=0 rst=1 s=1 r=1 q=x qbar=x Time=20
# clk=1 rst=1 s=1 r=1 q=x qbar=x Time=25
# clk=0 rst=1 s=1 r=1 q=x qbar=x Time=30
# clk=1 rst=1 s=1 r=1 q=x qbar=x Time=35
# clk=0 rst=1 s=1 r=1 q=x qbar=x Time=40
# clk=1 rst=1 s=1 r=1 q=x qbar=x Time=45
# clk=0 rst=1 s=1 r=1 q=x qbar=x Time=50
# clk=1 rst=1 s=1 r=1 q=x qbar=x Time=55
# clk=0 rst=1 s=1 r=1 q=x qbar=x Time=60
# clk=1 rst=1 s=1 r=1 q=x qbar=x Time=65
# clk=0 rst=1 s=1 r=1 q=x qbar=x Time=70
# clk=1 rst=1 s=1 r=1 q=x qbar=x Time=75
# clk=0 rst=1 s=1 r=1 q=x qbar=x Time=80
# clk=1 rst=1 s=1 r=1 q=x qbar=x Time=85
# clk=0 rst=1 s=1 r=1 q=x qbar=x Time=90
# clk=1 rst=1 s=1 r=1 q=x qbar=x Time=95
# ** Note: $stop    : srl.v(50)
#    Time: 100 ns  Iteration: 0  Instance: /srl_tb
# Break at srl.v line 50
# Stopped at srl.v line 50
#  quit -f
# End time: 13:07:55 on Sep 09,2025, Elapsed time: 0:00:02
# Errors: 0, Warnings: 0
