Start time: 19:02:42 on Sep 14,2025
qverilog test.v 
-- Compiling module test

Top level modules:
	test
# vsim -lib work work.test -c -do "run -all; quit -f" -appendlog -l qverilog.log -vopt 
# ** Note: (vsim-8009) Loading existing optimized design _opt
# //  Questa Sim-64
# //  Version 10.7c win64 Aug 18 2018
# //
# //  Copyright 1991-2018 Mentor Graphics Corporation
# //  All Rights Reserved.
# //
# //  QuestaSim and its associated documentation contain trade
# //  secrets and commercial or financial information that are the property of
# //  Mentor Graphics Corporation and are privileged, confidential,
# //  and exempt from disclosure under the Freedom of Information Act,
# //  5 U.S.C. Section 552. Furthermore, this information
# //  is prohibited from disclosure under the Trade Secrets Act,
# //  18 U.S.C. Section 1905.
# //
# Loading work.test(fast)
# run -all
# a=0
# a=1
# a=2
# a=3
# a=4
# a=5
# a=6
# a=7
# a=8
# a=9
# a=10
#  quit -f
# End time: 19:02:43 on Sep 14,2025, Elapsed time: 0:00:01
# Errors: 0, Warnings: 0
